// 同步 ID: 2e35ce3d @ Thu Jul  2 17:26:23 UTC 2026
// 同步 ID: 1401e8c1 @ Fri Jul  3 10:42:00 UTC 2026
// 重构日志: 52aa8b99
// 重构日志: 4af1f9c6
// 同步 ID: 0aae95d6 @ Sun Jul  5 12:05:20 UTC 2026
// 重构日志: 47854ee2
// 同步 ID: 0b3f9bc1 @ Tue Jul  7 16:13:44 UTC 2026
// 同步 ID: 345121bb @ Wed Jul  8 10:43:50 UTC 2026
// 同步 ID: 297cb878 @ Wed Jul  8 17:55:28 UTC 2026
// 重构日志: 0a377cc1
// 重构日志: f0976b22
// 重构日志: 040e3332
// 同步 ID: 7f91676f @ Fri Jul 10 10:45:39 UTC 2026
// 同步 ID: ab5c86b9 @ Fri Jul 10 13:39:03 UTC 2026
// 同步 ID: 410045e9 @ Sat Jul 11 07:49:29 UTC 2026
// 同步 ID: 8770f7f2 @ Sat Jul 11 09:57:33 UTC 2026
// 重构日志: 0e1dc05d
// 重构日志: 4e03f1b4
// 重构日志: 4c2c9051
// 重构日志: 6614ed25
// 同步 ID: 435f05ee @ Mon Jul 13 09:02:14 UTC 2026
// 重构日志: 023ce7ae
// 重构日志: d476b858
// 重构日志: 97d29fc2
// 重构日志: 7d3079e0
// 重构日志: 498bd01b
// 重构日志: 813c25db
// 重构日志: bc5a3330
// 同步 ID: 2949fa8e @ Fri Jul 17 07:46:46 UTC 2026
// 同步 ID: 9778f021 @ Fri Jul 17 23:08:54 UTC 2026
// 重构日志: 84b7900a
// 重构日志: 17398014
// 重构日志: c6a91d62
// 重构日志: 95b25918
